# JRE version: Java(TM) SE Runtime Environment (8.0_91-b14) (build 1.8.0_91-b14)
# Java VM: Java HotSpot(TM) 64-Bit Server VM (25.91-b14 mixed mode linux-amd64 compressed oops)
Heap:
 PSYoungGen      total 465408K, used 141821K [0x000000076ab00000, 0x0000000791200000, 0x00000007c0000000)
  eden space 323584K, 0% used [0x000000076ab00000,0x000000076ab00000,0x000000077e700000)
  from space 141824K, 99% used [0x000000077fd00000,0x000000078877f500,0x0000000788780000)
  to   space 94720K, 0% used [0x000000078b580000,0x000000078b580000,0x0000000791200000)
 ParOldGen       total 291328K, used 242000K [0x00000006c0000000, 0x00000006d1c80000, 0x000000076ab00000)
  object space 291328K, 83% used [0x00000006c0000000,0x00000006cec540a8,0x00000006d1c80000)
 Metaspace       used 6407K, capacity 7192K, committed 7424K, reserved 1056768K
  class space    used 610K, capacity 656K, committed 768K, reserved 1048576K
GC Heap History (10 events):
Event: 9.018 GC heap after
Heap after GC invocations=6 (full 1):
 PSYoungGen      total 132096K, used 0K [0x000000076ab00000, 0x0000000780900000, 0x00000007c0000000)
  eden space 126976K, 0% used [0x000000076ab00000,0x000000076ab00000,0x0000000772700000)
  from space 5120K, 0% used [0x0000000772700000,0x0000000772700000,0x0000000772c00000)
  to   space 52224K, 0% used [0x000000077d600000,0x000000077d600000,0x0000000780900000)
 ParOldGen       total 132096K, used 42894K [0x00000006c0000000, 0x00000006c8100000, 0x000000076ab00000)
  object space 132096K, 32% used [0x00000006c0000000,0x00000006c29e3810,0x00000006c8100000)
 Metaspace       used 6138K, capacity 7064K, committed 7424K, reserved 1056768K
  class space    used 610K, capacity 656K, committed 768K, reserved 1048576K
}
Event: 10.366 GC heap before
{Heap before GC invocations=7 (full 1):
 PSYoungGen      total 132096K, used 126976K [0x000000076ab00000, 0x0000000780900000, 0x00000007c0000000)
  eden space 126976K, 100% used [0x000000076ab00000,0x0000000772700000,0x0000000772700000)
  from space 5120K, 0% used [0x0000000772700000,0x0000000772700000,0x0000000772c00000)
  to   space 52224K, 0% used [0x000000077d600000,0x000000077d600000,0x0000000780900000)
 ParOldGen       total 132096K, used 42894K [0x00000006c0000000, 0x00000006c8100000, 0x000000076ab00000)
  object space 132096K, 32% used [0x00000006c0000000,0x00000006c29e3810,0x00000006c8100000)
 Metaspace       used 6325K, capacity 7192K, committed 7424K, reserved 1056768K
  class space    used 610K, capacity 656K, committed 768K, reserved 1048576K
Event: 10.523 GC heap after
Heap after GC invocations=7 (full 1):
 PSYoungGen      total 269824K, used 52217K [0x000000076ab00000, 0x0000000780900000, 0x00000007c0000000)
  eden space 217600K, 0% used [0x000000076ab00000,0x000000076ab00000,0x0000000777f80000)
  from space 52224K, 99% used [0x000000077d600000,0x00000007808fe6d8,0x0000000780900000)
  to   space 67584K, 0% used [0x0000000778500000,0x0000000778500000,0x000000077c700000)
 ParOldGen       total 132096K, used 48723K [0x00000006c0000000, 0x00000006c8100000, 0x000000076ab00000)
  object space 132096K, 36% used [0x00000006c0000000,0x00000006c2f94fa8,0x00000006c8100000)
 Metaspace       used 6325K, capacity 7192K, committed 7424K, reserved 1056768K
  class space    used 610K, capacity 656K, committed 768K, reserved 1048576K
}
Event: 11.211 GC heap before
{Heap before GC invocations=8 (full 1):
 PSYoungGen      total 269824K, used 269817K [0x000000076ab00000, 0x0000000780900000, 0x00000007c0000000)
  eden space 217600K, 100% used [0x000000076ab00000,0x0000000777f80000,0x0000000777f80000)
  from space 52224K, 99% used [0x000000077d600000,0x00000007808fe6d8,0x0000000780900000)
  to   space 67584K, 0% used [0x0000000778500000,0x0000000778500000,0x000000077c700000)
 ParOldGen       total 132096K, used 48723K [0x00000006c0000000, 0x00000006c8100000, 0x000000076ab00000)
  object space 132096K, 36% used [0x00000006c0000000,0x00000006c2f94fa8,0x00000006c8100000)
 Metaspace       used 6337K, capacity 7192K, committed 7424K, reserved 1056768K
  class space    used 610K, capacity 656K, committed 768K, reserved 1048576K
Event: 11.712 GC heap after
Heap after GC invocations=8 (full 1):
 PSYoungGen      total 290816K, used 67575K [0x000000076ab00000, 0x0000000793580000, 0x00000007c0000000)
  eden space 223232K, 0% used [0x000000076ab00000,0x000000076ab00000,0x0000000778500000)
  from space 67584K, 99% used [0x0000000778500000,0x000000077c6fdff0,0x000000077c700000)
  to   space 131072K, 0% used [0x000000078b580000,0x000000078b580000,0x0000000793580000)
 ParOldGen       total 145920K, used 145818K [0x00000006c0000000, 0x00000006c8e80000, 0x000000076ab00000)
  object space 145920K, 99% used [0x00000006c0000000,0x00000006c8e669f8,0x00000006c8e80000)
 Metaspace       used 6337K, capacity 7192K, committed 7424K, reserved 1056768K
  class space    used 610K, capacity 656K, committed 768K, reserved 1048576K
}
Event: 11.712 GC heap before
{Heap before GC invocations=9 (full 2):
 PSYoungGen      total 290816K, used 67575K [0x000000076ab00000, 0x0000000793580000, 0x00000007c0000000)
  eden space 223232K, 0% used [0x000000076ab00000,0x000000076ab00000,0x0000000778500000)
  from space 67584K, 99% used [0x0000000778500000,0x000000077c6fdff0,0x000000077c700000)
  to   space 131072K, 0% used [0x000000078b580000,0x000000078b580000,0x0000000793580000)
 ParOldGen       total 145920K, used 145818K [0x00000006c0000000, 0x00000006c8e80000, 0x000000076ab00000)
  object space 145920K, 99% used [0x00000006c0000000,0x00000006c8e669f8,0x00000006c8e80000)
 Metaspace       used 6337K, capacity 7192K, committed 7424K, reserved 1056768K
  class space    used 610K, capacity 656K, committed 768K, reserved 1048576K
Event: 12.856 GC heap after
Heap after GC invocations=9 (full 2):
 PSYoungGen      total 290816K, used 50188K [0x000000076ab00000, 0x0000000793580000, 0x00000007c0000000)
  eden space 223232K, 0% used [0x000000076ab00000,0x000000076ab00000,0x0000000778500000)
  from space 67584K, 74% used [0x0000000778500000,0x000000077b603128,0x000000077c700000)
  to   space 131072K, 0% used [0x000000078b580000,0x000000078b580000,0x0000000793580000)
 ParOldGen       total 291328K, used 145540K [0x00000006c0000000, 0x00000006d1c80000, 0x000000076ab00000)
  object space 291328K, 49% used [0x00000006c0000000,0x00000006c8e21048,0x00000006d1c80000)
 Metaspace       used 6337K, capacity 7192K, committed 7424K, reserved 1056768K
  class space    used 610K, capacity 656K, committed 768K, reserved 1048576K
}
Event: 13.623 GC heap before
{Heap before GC invocations=10 (full 2):
 PSYoungGen      total 290816K, used 273420K [0x000000076ab00000, 0x0000000793580000, 0x00000007c0000000)
  eden space 223232K, 100% used [0x000000076ab00000,0x0000000778500000,0x0000000778500000)
  from space 67584K, 74% used [0x0000000778500000,0x000000077b603128,0x000000077c700000)
  to   space 131072K, 0% used [0x000000078b580000,0x000000078b580000,0x0000000793580000)
 ParOldGen       total 291328K, used 145540K [0x00000006c0000000, 0x00000006d1c80000, 0x000000076ab00000)
  object space 291328K, 49% used [0x00000006c0000000,0x00000006c8e21048,0x00000006d1c80000)
 Metaspace       used 6382K, capacity 7192K, committed 7424K, reserved 1056768K
  class space    used 610K, capacity 656K, committed 768K, reserved 1048576K
Event: 13.750 GC heap after
Heap after GC invocations=10 (full 2):
 PSYoungGen      total 418304K, used 94491K [0x000000076ab00000, 0x0000000791200000, 0x00000007c0000000)
  eden space 323584K, 0% used [0x000000076ab00000,0x000000076ab00000,0x000000077e700000)
  from space 94720K, 99% used [0x000000078b580000,0x00000007911c6c28,0x0000000791200000)
  to   space 141824K, 0% used [0x000000077fd00000,0x000000077fd00000,0x0000000788780000)
 ParOldGen       total 291328K, used 145548K [0x00000006c0000000, 0x00000006d1c80000, 0x000000076ab00000)
  object space 291328K, 49% used [0x00000006c0000000,0x00000006c8e23048,0x00000006d1c80000)
 Metaspace       used 6382K, capacity 7192K, committed 7424K, reserved 1056768K
  class space    used 610K, capacity 656K, committed 768K, reserved 1048576K
}
Event: 14.881 GC heap before
{Heap before GC invocations=11 (full 2):
 PSYoungGen      total 418304K, used 418075K [0x000000076ab00000, 0x0000000791200000, 0x00000007c0000000)
  eden space 323584K, 100% used [0x000000076ab00000,0x000000077e700000,0x000000077e700000)
  from space 94720K, 99% used [0x000000078b580000,0x00000007911c6c28,0x0000000791200000)
  to   space 141824K, 0% used [0x000000077fd00000,0x000000077fd00000,0x0000000788780000)
 ParOldGen       total 291328K, used 145548K [0x00000006c0000000, 0x00000006d1c80000, 0x000000076ab00000)
  object space 291328K, 49% used [0x00000006c0000000,0x00000006c8e23048,0x00000006d1c80000)
 Metaspace       used 6407K, capacity 7192K, committed 7424K, reserved 1056768K
  class space    used 610K, capacity 656K, committed 768K, reserved 1048576K

