# JRE version: Java(TM) SE Runtime Environment (8.0_91-b14) (build 1.8.0_91-b14)
# Java VM: Java HotSpot(TM) 64-Bit Server VM (25.91-b14 mixed mode linux-amd64 compressed oops)
Heap:
 PSYoungGen      total 286720K, used 44521K [0x000000076ab00000, 0x000000077fa00000, 0x00000007c0000000)
  eden space 242176K, 0% used [0x000000076ab00000,0x000000076ab00000,0x0000000779780000)
  from space 44544K, 99% used [0x000000077ce80000,0x000000077f9fa4c8,0x000000077fa00000)
  to   space 34816K, 0% used [0x0000000779780000,0x0000000779780000,0x000000077b980000)
 ParOldGen       total 122880K, used 56239K [0x00000006c0000000, 0x00000006c7800000, 0x000000076ab00000)
  object space 122880K, 45% used [0x00000006c0000000,0x00000006c36ebe00,0x00000006c7800000)
 Metaspace       used 6517K, capacity 7440K, committed 7680K, reserved 1056768K
  class space    used 615K, capacity 648K, committed 768K, reserved 1048576K
GC Heap History (10 events):
Event: 5.035 GC heap after
Heap after GC invocations=4 (full 0):
 PSYoungGen      total 132096K, used 5091K [0x000000076ab00000, 0x0000000773100000, 0x00000007c0000000)
  eden space 126976K, 0% used [0x000000076ab00000,0x000000076ab00000,0x0000000772700000)
  from space 5120K, 99% used [0x0000000772c00000,0x00000007730f8d80,0x0000000773100000)
  to   space 5120K, 0% used [0x0000000772700000,0x0000000772700000,0x0000000772c00000)
 ParOldGen       total 84992K, used 51806K [0x00000006c0000000, 0x00000006c5300000, 0x000000076ab00000)
  object space 84992K, 60% used [0x00000006c0000000,0x00000006c3297838,0x00000006c5300000)
 Metaspace       used 5777K, capacity 6960K, committed 7040K, reserved 1056768K
  class space    used 578K, capacity 616K, committed 640K, reserved 1048576K
}
Event: 7.637 GC heap before
{Heap before GC invocations=5 (full 0):
 PSYoungGen      total 132096K, used 132067K [0x000000076ab00000, 0x0000000773100000, 0x00000007c0000000)
  eden space 126976K, 100% used [0x000000076ab00000,0x0000000772700000,0x0000000772700000)
  from space 5120K, 99% used [0x0000000772c00000,0x00000007730f8d80,0x0000000773100000)
  to   space 5120K, 0% used [0x0000000772700000,0x0000000772700000,0x0000000772c00000)
 ParOldGen       total 84992K, used 51806K [0x00000006c0000000, 0x00000006c5300000, 0x000000076ab00000)
  object space 84992K, 60% used [0x00000006c0000000,0x00000006c3297838,0x00000006c5300000)
 Metaspace       used 5895K, capacity 7088K, committed 7296K, reserved 1056768K
  class space    used 578K, capacity 616K, committed 640K, reserved 1048576K
Event: 7.867 GC heap after
Heap after GC invocations=5 (full 0):
 PSYoungGen      total 132096K, used 5105K [0x000000076ab00000, 0x000000077ec00000, 0x00000007c0000000)
  eden space 126976K, 0% used [0x000000076ab00000,0x000000076ab00000,0x0000000772700000)
  from space 5120K, 99% used [0x0000000772700000,0x0000000772bfc770,0x0000000772c00000)
  to   space 37376K, 0% used [0x000000077c780000,0x000000077c780000,0x000000077ec00000)
 ParOldGen       total 84992K, used 74244K [0x00000006c0000000, 0x00000006c5300000, 0x000000076ab00000)
  object space 84992K, 87% used [0x00000006c0000000,0x00000006c48810c8,0x00000006c5300000)
 Metaspace       used 5895K, capacity 7088K, committed 7296K, reserved 1056768K
  class space    used 578K, capacity 616K, committed 640K, reserved 1048576K
}
Event: 7.867 GC heap before
{Heap before GC invocations=6 (full 1):
 PSYoungGen      total 132096K, used 5105K [0x000000076ab00000, 0x000000077ec00000, 0x00000007c0000000)
  eden space 126976K, 0% used [0x000000076ab00000,0x000000076ab00000,0x0000000772700000)
  from space 5120K, 99% used [0x0000000772700000,0x0000000772bfc770,0x0000000772c00000)
  to   space 37376K, 0% used [0x000000077c780000,0x000000077c780000,0x000000077ec00000)
 ParOldGen       total 84992K, used 74244K [0x00000006c0000000, 0x00000006c5300000, 0x000000076ab00000)
  object space 84992K, 87% used [0x00000006c0000000,0x00000006c48810c8,0x00000006c5300000)
 Metaspace       used 5895K, capacity 7088K, committed 7296K, reserved 1056768K
  class space    used 578K, capacity 616K, committed 640K, reserved 1048576K
Event: 9.056 GC heap after
Heap after GC invocations=6 (full 1):
 PSYoungGen      total 132096K, used 0K [0x000000076ab00000, 0x000000077ec00000, 0x00000007c0000000)
  eden space 126976K, 0% used [0x000000076ab00000,0x000000076ab00000,0x0000000772700000)
  from space 5120K, 0% used [0x0000000772700000,0x0000000772700000,0x0000000772c00000)
  to   space 37376K, 0% used [0x000000077c780000,0x000000077c780000,0x000000077ec00000)
 ParOldGen       total 122880K, used 40032K [0x00000006c0000000, 0x00000006c7800000, 0x000000076ab00000)
  object space 122880K, 32% used [0x00000006c0000000,0x00000006c2718318,0x00000006c7800000)
 Metaspace       used 5895K, capacity 7088K, committed 7296K, reserved 1056768K
  class space    used 578K, capacity 616K, committed 640K, reserved 1048576K
}
Event: 10.473 GC heap before
{Heap before GC invocations=7 (full 1):
 PSYoungGen      total 132096K, used 126976K [0x000000076ab00000, 0x000000077ec00000, 0x00000007c0000000)
  eden space 126976K, 100% used [0x000000076ab00000,0x0000000772700000,0x0000000772700000)
  from space 5120K, 0% used [0x0000000772700000,0x0000000772700000,0x0000000772c00000)
  to   space 37376K, 0% used [0x000000077c780000,0x000000077c780000,0x000000077ec00000)
 ParOldGen       total 122880K, used 40032K [0x00000006c0000000, 0x00000006c7800000, 0x000000076ab00000)
  object space 122880K, 32% used [0x00000006c0000000,0x00000006c2718318,0x00000006c7800000)
 Metaspace       used 5986K, capacity 7152K, committed 7296K, reserved 1056768K
  class space    used 578K, capacity 616K, committed 640K, reserved 1048576K
Event: 10.667 GC heap after
Heap after GC invocations=7 (full 1):
 PSYoungGen      total 198144K, used 20311K [0x000000076ab00000, 0x000000077db80000, 0x00000007c0000000)
  eden space 177664K, 0% used [0x000000076ab00000,0x000000076ab00000,0x0000000775880000)
  from space 20480K, 99% used [0x000000077c780000,0x000000077db55d98,0x000000077db80000)
  to   space 34816K, 0% used [0x0000000779780000,0x0000000779780000,0x000000077b980000)
 ParOldGen       total 122880K, used 40032K [0x00000006c0000000, 0x00000006c7800000, 0x000000076ab00000)
  object space 122880K, 32% used [0x00000006c0000000,0x00000006c2718318,0x00000006c7800000)
 Metaspace       used 5986K, capacity 7152K, committed 7296K, reserved 1056768K
  class space    used 578K, capacity 616K, committed 640K, reserved 1048576K
}
Event: 12.677 GC heap before
{Heap before GC invocations=8 (full 1):
 PSYoungGen      total 198144K, used 197975K [0x000000076ab00000, 0x000000077db80000, 0x00000007c0000000)
  eden space 177664K, 100% used [0x000000076ab00000,0x0000000775880000,0x0000000775880000)
  from space 20480K, 99% used [0x000000077c780000,0x000000077db55d98,0x000000077db80000)
  to   space 34816K, 0% used [0x0000000779780000,0x0000000779780000,0x000000077b980000)
 ParOldGen       total 122880K, used 40032K [0x00000006c0000000, 0x00000006c7800000, 0x000000076ab00000)
  object space 122880K, 32% used [0x00000006c0000000,0x00000006c2718318,0x00000006c7800000)
 Metaspace       used 6137K, capacity 7152K, committed 7296K, reserved 1056768K
  class space    used 597K, capacity 616K, committed 640K, reserved 1048576K
Event: 12.990 GC heap after
Heap after GC invocations=8 (full 1):
 PSYoungGen      total 276992K, used 34803K [0x000000076ab00000, 0x000000077fa00000, 0x00000007c0000000)
  eden space 242176K, 0% used [0x000000076ab00000,0x000000076ab00000,0x0000000779780000)
  from space 34816K, 99% used [0x0000000779780000,0x000000077b97cd40,0x000000077b980000)
  to   space 44544K, 0% used [0x000000077ce80000,0x000000077ce80000,0x000000077fa00000)
 ParOldGen       total 122880K, used 48794K [0x00000006c0000000, 0x00000006c7800000, 0x000000076ab00000)
  object space 122880K, 39% used [0x00000006c0000000,0x00000006c2fa6a88,0x00000006c7800000)
 Metaspace       used 6137K, capacity 7152K, committed 7296K, reserved 1056768K
  class space    used 597K, capacity 616K, committed 640K, reserved 1048576K
}
Event: 24.325 GC heap before
{Heap before GC invocations=9 (full 1):
 PSYoungGen      total 276992K, used 276979K [0x000000076ab00000, 0x000000077fa00000, 0x00000007c0000000)
  eden space 242176K, 100% used [0x000000076ab00000,0x0000000779780000,0x0000000779780000)
  from space 34816K, 99% used [0x0000000779780000,0x000000077b97cd40,0x000000077b980000)
  to   space 44544K, 0% used [0x000000077ce80000,0x000000077ce80000,0x000000077fa00000)
 ParOldGen       total 122880K, used 48794K [0x00000006c0000000, 0x00000006c7800000, 0x000000076ab00000)
  object space 122880K, 39% used [0x00000006c0000000,0x00000006c2fa6a88,0x00000006c7800000)
 Metaspace       used 6517K, capacity 7440K, committed 7680K, reserved 1056768K
  class space    used 615K, capacity 648K, committed 768K, reserved 1048576K

